<?xml version="1.0" encoding="UTF-8"?>
<!-- Generated by org.testng.reporters.JUnitReportReporter -->
<testsuite hostname="DESKTOP-GML17V3" failures="0" tests="1" name="POSTAPIWithCreateUser.CreateUserAPITest" time="3.634" errors="0" timestamp="2024-09-29T19:18:22 IST" skipped="0">
  <testcase classname="POSTAPIWithCreateUser.CreateUserAPITest" name="getAuthTokenTest_WithJSONFILE" time="3.634"/>
  <system-out/>
</testsuite> <!-- POSTAPIWithCreateUser.CreateUserAPITest -->
