<?xml version="1.0" encoding="UTF-8"?>
<!-- Generated by org.testng.reporters.JUnitReportReporter -->
<testsuite hostname="DESKTOP-GML17V3" failures="0" tests="1" name="GETAPITestsWithoutBDD.ProductAPIsTest" time="2.878" errors="0" timestamp="2024-09-04T18:12:29 IST" skipped="0">
  <testcase classname="GETAPITestsWithoutBDD.ProductAPIsTest" name="getProductsTest_1" time="2.878"/>
  <system-out/>
</testsuite> <!-- GETAPITestsWithoutBDD.ProductAPIsTest -->
