<?xml version="1.0" encoding="UTF-8"?>
<!-- Generated by org.testng.reporters.JUnitReportReporter -->
<testsuite hostname="DESKTOP-GML17V3" failures="0" tests="1" name="UpdateUser.UpdateUserWithPOJO" time="5.401" errors="0" timestamp="2024-09-30T12:15:47 IST" skipped="0">
  <testcase classname="UpdateUser.UpdateUserWithPOJO" name="updateUserWith_POJO" time="5.401"/>
  <system-out/>
</testsuite> <!-- UpdateUser.UpdateUserWithPOJO -->
