<?xml version="1.0" encoding="UTF-8"?>
<!-- Generated by org.testng.reporters.JUnitReportReporter -->
<testsuite hostname="DESKTOP-GML17V3" failures="0" tests="1" name="UpdateUser.CreateUserWithLombok_POJO" time="3.843" errors="0" timestamp="2024-09-30T13:09:27 IST" skipped="0">
  <testcase classname="UpdateUser.CreateUserWithLombok_POJO" name="updateUserWith_BuilderPattern" time="3.843"/>
  <system-out/>
</testsuite> <!-- UpdateUser.CreateUserWithLombok_POJO -->
