<?xml version="1.0" encoding="UTF-8"?>
<!-- Generated by org.testng.reporters.JUnitReportReporter -->
<testsuite hostname="DESKTOP-GML17V3" failures="0" tests="1" name="POSTWithAuthAPI.AuthAPITest" time="4.871" errors="0" timestamp="2024-09-29T19:43:51 IST" skipped="0">
  <testcase classname="POSTWithAuthAPI.AuthAPITest" name="getToken_POJO" time="4.871"/>
  <system-out/>
</testsuite> <!-- POSTWithAuthAPI.AuthAPITest -->
