<?xml version="1.0" encoding="UTF-8"?>
<!-- Generated by org.testng.reporters.JUnitReportReporter -->
<testsuite hostname="DESKTOP-GML17V3" failures="0" tests="3" name="GETAPITestsWithBDD.GETAPIWithQueryParamsAndPathParams" time="5.448" errors="0" timestamp="2024-09-23T12:04:08 IST" skipped="0">
  <testcase classname="GETAPITestsWithBDD.GETAPIWithQueryParamsAndPathParams" name="getUserWith_QueryParamWithDataProvider" time="3.737"/>
  <system-out/>
  <testcase classname="GETAPITestsWithBDD.GETAPIWithQueryParamsAndPathParams" name="getUserWith_QueryParamWithDataProvider" time="0.979"/>
  <system-out/>
  <testcase classname="GETAPITestsWithBDD.GETAPIWithQueryParamsAndPathParams" name="getUserWith_QueryParamWithDataProvider" time="0.732"/>
  <system-out/>
</testsuite> <!-- GETAPITestsWithBDD.GETAPIWithQueryParamsAndPathParams -->
