<?xml version="1.0" encoding="UTF-8"?>
<!-- Generated by org.testng.reporters.JUnitReportReporter -->
<testsuite hostname="DESKTOP-GML17V3" failures="0" tests="1" name="fakeUserAPI.CreateFakeUserTest" time="3.633" errors="0" timestamp="2024-09-30T15:11:17 IST" skipped="0">
  <testcase classname="fakeUserAPI.CreateFakeUserTest" name="createUserTest_BuilderPattern" time="3.633"/>
  <system-out/>
</testsuite> <!-- fakeUserAPI.CreateFakeUserTest -->
