<?xml version="1.0" encoding="UTF-8"?>
<!-- Generated by org.testng.reporters.JUnitReportReporter -->
<testsuite hostname="DESKTOP-GML17V3" failures="0" tests="1" name="DeserializationProcess.UserAPITests" time="4.624" errors="0" timestamp="2024-09-30T17:44:14 IST" skipped="0">
  <testcase classname="DeserializationProcess.UserAPITests" name="createUserWithlombok" time="4.624"/>
  <system-out/>
</testsuite> <!-- DeserializationProcess.UserAPITests -->
