<?xml version="1.0" encoding="UTF-8"?>
<!-- Generated by org.testng.reporters.JUnitReportReporter -->
<testsuite hostname="DESKTOP-GML17V3" failures="0" tests="1" name="GETAPITestsWithBDD.FetchResponseDataConcept" time="3.951" errors="0" timestamp="2024-09-23T14:10:43 IST" skipped="0">
  <testcase classname="GETAPITestsWithBDD.FetchResponseDataConcept" name="getProducts_NestedData_WithJsonPath" time="3.951"/>
  <system-out/>
</testsuite> <!-- GETAPITestsWithBDD.FetchResponseDataConcept -->
