<?xml version="1.0" encoding="UTF-8"?>
<!-- Generated by org.testng.reporters.JUnitReportReporter -->
<testsuite hostname="DESKTOP-GML17V3" failures="0" tests="6" name="PostWithMultipleHttpOptions.PostAPIWithDifferetData" time="11.562" errors="0" timestamp="2024-09-30T16:44:48 IST" skipped="0">
  <testcase classname="PostWithMultipleHttpOptions.PostAPIWithDifferetData" name="bodyWithTextTest" time="1.097"/>
  <system-out/>
  <testcase classname="PostWithMultipleHttpOptions.PostAPIWithDifferetData" name="bodyWithPdfFileTest" time="3.660"/>
  <system-out/>
  <testcase classname="PostWithMultipleHttpOptions.PostAPIWithDifferetData" name="bodyWithHTMLTest" time="3.024"/>
  <system-out/>
  <testcase classname="PostWithMultipleHttpOptions.PostAPIWithDifferetData" name="bodyWithJavaScriptTest" time="1.113"/>
  <system-out/>
  <testcase classname="PostWithMultipleHttpOptions.PostAPIWithDifferetData" name="bodyWithMultiPartTest" time="1.577"/>
  <system-out/>
  <testcase classname="PostWithMultipleHttpOptions.PostAPIWithDifferetData" name="bodyWithXMLTest" time="1.091"/>
  <system-out/>
</testsuite> <!-- PostWithMultipleHttpOptions.PostAPIWithDifferetData -->
