<?xml version="1.0" encoding="UTF-8"?>
<!-- Generated by org.testng.reporters.JUnitReportReporter -->
<testsuite hostname="DESKTOP-GML17V3" failures="0" tests="3" name="GETAPITestsWithBDD.ContactsAPIsTest" time="6.224" errors="0" timestamp="2024-09-04T18:11:34 IST" skipped="0">
  <testcase classname="GETAPITestsWithBDD.ContactsAPIsTest" name="getContactsAPITest_WithInvalidToken" time="1.056"/>
  <system-out/>
  <testcase classname="GETAPITestsWithBDD.ContactsAPIsTest" name="getContactsAPITest" time="3.586"/>
  <system-out/>
  <testcase classname="GETAPITestsWithBDD.ContactsAPIsTest" name="test1" time="1.582"/>
  <system-out/>
</testsuite> <!-- GETAPITestsWithBDD.ContactsAPIsTest -->
