<?xml version="1.0" encoding="UTF-8"?>
<!-- Generated by org.testng.reporters.JUnitReportReporter -->
<testsuite hostname="DESKTOP-GML17V3" failures="0" tests="1" name="LomBokWithJSONArray.CreateUserWithJsonArrayLombokPOJO" time="2.877" errors="0" timestamp="2024-09-30T16:35:47 IST" skipped="0">
  <testcase classname="LomBokWithJSONArray.CreateUserWithJsonArrayLombokPOJO" name="createUserWithJsonArrayPOJO" time="2.877"/>
  <system-out/>
</testsuite> <!-- LomBokWithJSONArray.CreateUserWithJsonArrayLombokPOJO -->
