<?xml version="1.0" encoding="UTF-8"?>
<!-- Generated by org.testng.reporters.JUnitReportReporter -->
<testsuite hostname="DESKTOP-GML17V3" failures="0" tests="1" name="DeserializationProcess.UserAPItestWithJSONArrayResponse" time="3.266" errors="0" timestamp="2024-09-30T18:18:38 IST" skipped="0">
  <testcase classname="DeserializationProcess.UserAPItestWithJSONArrayResponse" name="createUserWithlombok" time="3.266"/>
  <system-out/>
</testsuite> <!-- DeserializationProcess.UserAPItestWithJSONArrayResponse -->
