<?xml version="1.0" encoding="UTF-8"?>
<!-- Generated by org.testng.reporters.JUnitReportReporter -->
<testsuite hostname="DESKTOP-GML17V3" failures="0" tests="1" name="DeserializationProcess.ProductAPIWithTest" time="2.997" errors="0" timestamp="2024-09-30T18:26:24 IST" skipped="0">
  <testcase classname="DeserializationProcess.ProductAPIWithTest" name="getProductsTest_With_POJO_Desierlization" time="2.997"/>
  <system-out/>
</testsuite> <!-- DeserializationProcess.ProductAPIWithTest -->
