<?xml version="1.0" encoding="UTF-8"?>
<!-- Generated by org.testng.reporters.JUnitReportReporter -->
<testsuite hostname="DESKTOP-GML17V3" failures="0" tests="6" name="BookingAPITests.BookingApiFeatureTests" time="64.545" errors="0" timestamp="2024-09-29T19:23:40 IST" skipped="0">
  <testcase classname="BookingAPITests.BookingApiFeatureTests" name="getBookingIdsTest" time="2.511"/>
  <system-out/>
  <testcase classname="BookingAPITests.BookingApiFeatureTests" name="deleteBookingTest" time="43.335"/>
  <system-out/>
  <testcase classname="BookingAPITests.BookingApiFeatureTests" name="partialBookingTest" time="5.025"/>
  <system-out/>
  <testcase classname="BookingAPITests.BookingApiFeatureTests" name="createBookingTest" time="2.557"/>
  <system-out/>
  <testcase classname="BookingAPITests.BookingApiFeatureTests" name="getBookingIdTest" time="3.808"/>
  <system-out/>
  <testcase classname="BookingAPITests.BookingApiFeatureTests" name="updateBookingTest" time="7.309"/>
  <system-out/>
</testsuite> <!-- BookingAPITests.BookingApiFeatureTests -->
